<?xml version="1.0" encoding="UTF-8" standalone="no"?><testsuite errors="1" failures="0" name="Purchase products at opencart" skipped="0" tests="1" time="0.42" timestamp="2024-06-20 08:29:58"><testcase name="Proceso de compra"><error message="Step [^.*estoy en la pagina opencart$] is defined with 1 parameters at 'com.nttdata.glue.LoginGlue.login(java.lang.String)'.&#10;However, the gherkin step has 0 arguments.&#10;Step text: User estoy en la pagina opencart" type="io.cucumber.core.exception.CucumberException">Step [^.*estoy en la pagina opencart$] is defined with 1 parameters at 'com.nttdata.glue.LoginGlue.login(java.lang.String)'.
However, the gherkin step has 0 arguments.
Step text: User estoy en la pagina opencart</error><system-err>Step [^.*estoy en la pagina opencart$] is defined with 1 parameters at 'com.nttdata.glue.LoginGlue.login(java.lang.String)'.
However, the gherkin step has 0 arguments.
Step text: User estoy en la pagina opencart&#13;
io.cucumber.core.runner.PickleStepDefinitionMatch.arityMismatch(PickleStepDefinitionMatch.java:83)&#13;
io.cucumber.core.runner.PickleStepDefinitionMatch.runStep(PickleStepDefinitionMatch.java:42)&#13;
io.cucumber.core.runner.TestStep.executeStep(TestStep.java:84)&#13;
io.cucumber.core.runner.TestStep.run(TestStep.java:56)&#13;
io.cucumber.core.runner.PickleStepTestStep.run(PickleStepTestStep.java:51)&#13;
io.cucumber.core.runner.TestCase.run(TestCase.java:84)&#13;
io.cucumber.core.runner.Runner.runPickle(Runner.java:75)&#13;
io.cucumber.core.runtime.CucumberExecutionContext.lambda$runTestCase$5(CucumberExecutionContext.java:130)&#13;
io.cucumber.core.runtime.RethrowingThrowableCollector.executeAndThrow(RethrowingThrowableCollector.java:23)&#13;
io.cucumber.core.runtime.CucumberExecutionContext.runTestCase(CucumberExecutionContext.java:130)&#13;
io.cucumber.junit.FeatureRunner.runChild(FeatureRunner.java:144)&#13;
io.cucumber.junit.FeatureRunner.runChild(FeatureRunner.java:28)&#13;
io.cucumber.junit.FeatureRunner.run(FeatureRunner.java:137)&#13;
io.cucumber.junit.CucumberSerenityBaseRunner.runChild(CucumberSerenityBaseRunner.java:330)&#13;
io.cucumber.junit.CucumberSerenityBaseRunner.runChild(CucumberSerenityBaseRunner.java:51)&#13;
worker.org.gradle.process.internal.worker.GradleWorkerMain.run(GradleWorkerMain.java:69)&#13;
worker.org.gradle.process.internal.worker.GradleWorkerMain.main(GradleWorkerMain.java:74)&#13;
</system-err></testcase></testsuite>